<?xml version='1.0'?>
<ns2:test-suite xmlns:ns2='urn:model.allure.qatools.yandex.ru' start='1669852947005' stop='1669852957504'>
    <name>Bootcamp E2E: </name>
    <title>Bootcamp E2E: </title>
    <test-cases>
        <test-case start='1669852947005' status='passed' stop='1669852947006'>
            <name></name>
            <title></title>
            <labels>
                <label name='language' value='javascript'/>
                <label name='framework' value='wdio'/>
                <label name='thread' value='0-0'/>
            </labels>
            <parameters>
                <parameter kind='argument' name='browser' value='chrome-107.0.5304.107'/>
            </parameters>
            <steps/>
            <attachments/>
        </test-case>
        <test-case start='1669852947006' status='passed' stop='1669852950456'>
            <name>Given I open home page</name>
            <title>Given I open home page</title>
            <labels>
                <label name='language' value='javascript'/>
                <label name='framework' value='wdio'/>
                <label name='thread' value='0-0'/>
            </labels>
            <parameters>
                <parameter kind='argument' name='browser' value='chrome-107.0.5304.107'/>
            </parameters>
            <steps>
                <step start='1669852947008' status='passed' stop='1669852950453'>
                    <name>POST /session/:sessionId/url</name>
                    <title>POST /session/:sessionId/url</title>
                    <attachments>
                        <attachment title='Request' source='75721b8a-fce2-4d8c-b7ae-dc5b8b288959-attachment.json' type='application/json' size='38'/>
                    </attachments>
                    <steps/>
                </step>
                <step start='1669852950453' status='undefined'>
                    <name>POST /session/:sessionId/refresh</name>
                    <title>POST /session/:sessionId/refresh</title>
                    <attachments/>
                    <steps/>
                </step>
            </steps>
            <attachments/>
        </test-case>
        <test-case start='1669852950456' status='broken' stop='1669852957502'>
            <name>When I enter "Windows" in search bar</name>
            <title>When I enter "Windows" in search bar</title>
            <labels>
                <label name='language' value='javascript'/>
                <label name='framework' value='wdio'/>
                <label name='thread' value='0-0'/>
            </labels>
            <parameters>
                <parameter kind='argument' name='browser' value='chrome-107.0.5304.107'/>
            </parameters>
            <steps>
                <step start='1669852950458' status='passed' stop='1669852952313'>
                    <name>POST /session/:sessionId/element</name>
                    <title>POST /session/:sessionId/element</title>
                    <attachments>
                        <attachment title='Request' source='13cd7c3d-7b3b-4ccf-8628-a3cc2cd09756-attachment.json' type='application/json' size='62'/>
                    </attachments>
                    <steps/>
                </step>
                <step start='1669852952365' status='broken' stop='1669852957501'>
                    <name>POST /session/:sessionId/element/093c0f42-cb36-4a34-bf15-dcd4b138af6f/click</name>
                    <title>POST /session/:sessionId/element/093c0f42-cb36-4a34-bf15-dcd4b138af6f/click</title>
                    <attachments/>
                    <steps/>
                </step>
            </steps>
            <attachments>
                <attachment title='Response' source='725d502e-0ba9-4626-b47c-ebbdcf75871c-attachment.json' type='application/json' size='83'/>
            </attachments>
            <failure>
                <message>element click intercepted: element click intercepted: Element &lt;input type="search" title="Search Site" autocomplete="off" value=""> is not clickable at point (286, 40). Other element would receive the click: &lt;img class="modal-Website-img" src="https://promotions.newegg.com/22-2133/Homepage_Popup_Desktop.png" alt="CYBER MONDAY EXTENDED"></message>
                <stack-trace>element click intercepted: element click intercepted: Element &lt;input type="search" title="Search Site" autocomplete="off" value=""> is not clickable at point (286, 40). Other element would receive the click: &lt;img class="modal-Website-img" src="https://promotions.newegg.com/22-2133/Homepage_Popup_Desktop.png" alt="CYBER MONDAY EXTENDED">
                  (Session info: chrome=107.0.5304.107)
                    at getErrorFromResponseBody (C:\Users\djujy\e2e-homework\node_modules\webdriver\build\utils.js:198:12)
                    at NodeJSRequest._request (C:\Users\djujy\e2e-homework\node_modules\webdriver\build\request\index.js:166:60)
                    at processTicksAndRejections (node:internal/process/task_queues:96:5)
                    at async Element.wrapCommandFn (C:\Users\djujy\e2e-homework\node_modules\@wdio\utils\build\shim.js:137:29)
                    at async Element.wrapCommandFn (C:\Users\djujy\e2e-homework\node_modules\@wdio\utils\build\shim.js:137:29)
                    at async Element.elementErrorHandlerCallbackFn (C:\Users\djujy\e2e-homework\node_modules\webdriverio\build\middlewares.js:24:32)
                    at async Element.wrapCommandFn (C:\Users\djujy\e2e-homework\node_modules\@wdio\utils\build\shim.js:137:29)
                    at async Element.wrapCommandFn (C:\Users\djujy\e2e-homework\node_modules\@wdio\utils\build\shim.js:137:29)
                    at async Element.elementErrorHandlerCallbackFn (C:\Users\djujy\e2e-homework\node_modules\webdriverio\build\middlewares.js:24:32)
                    at async Element.wrapCommandFn (C:\Users\djujy\e2e-homework\node_modules\@wdio\utils\build\shim.js:137:29)</stack-trace>
            </failure>
        </test-case>
        <test-case start='1669852957502' status='broken' stop='1669852957502'>
            <name>Then I see at least one item appears</name>
            <title>Then I see at least one item appears</title>
            <labels>
                <label name='language' value='javascript'/>
                <label name='framework' value='wdio'/>
                <label name='thread' value='0-0'/>
            </labels>
            <parameters>
                <parameter kind='argument' name='browser' value='chrome-107.0.5304.107'/>
            </parameters>
            <steps/>
            <attachments/>
            <failure>
                <message>Step "I see at least one item appears" is not defined. You can ignore this error by setting cucumberOpts.ignoreUndefinedDefinitions as true.</message>
                <stack-trace>Step "I see at least one item appears" is not defined. You can ignore this error by setting cucumberOpts.ignoreUndefinedDefinitions as true.
                	at Feature(C:\Users\djujy\e2e-homework\features\e2e.feature):1:1
                	at Scenario():7:1
                	at Step(I see at least one item appears):10:1
                </stack-trace>
            </failure>
        </test-case>
        <test-case start='1669852957503' status='passed' stop='1669852957503'>
            <name></name>
            <title></title>
            <labels>
                <label name='language' value='javascript'/>
                <label name='framework' value='wdio'/>
                <label name='thread' value='0-0'/>
            </labels>
            <parameters>
                <parameter kind='argument' name='browser' value='chrome-107.0.5304.107'/>
            </parameters>
            <steps/>
            <attachments/>
        </test-case>
    </test-cases>
</ns2:test-suite>