<?xml version='1.0'?>
<ns2:test-suite xmlns:ns2='urn:model.allure.qatools.yandex.ru' start='1669852117832' stop='1669852128471'>
    <name>Bootcamp E2E: </name>
    <title>Bootcamp E2E: </title>
    <test-cases>
        <test-case start='1669852117832' status='passed' stop='1669852117833'>
            <name></name>
            <title></title>
            <labels>
                <label name='language' value='javascript'/>
                <label name='framework' value='wdio'/>
                <label name='thread' value='0-0'/>
            </labels>
            <parameters>
                <parameter kind='argument' name='browser' value='chrome-107.0.5304.107'/>
            </parameters>
            <steps/>
            <attachments/>
        </test-case>
        <test-case start='1669852117833' status='passed' stop='1669852121248'>
            <name>Given I open home page</name>
            <title>Given I open home page</title>
            <labels>
                <label name='language' value='javascript'/>
                <label name='framework' value='wdio'/>
                <label name='thread' value='0-0'/>
            </labels>
            <parameters>
                <parameter kind='argument' name='browser' value='chrome-107.0.5304.107'/>
            </parameters>
            <steps>
                <step start='1669852117835' status='passed' stop='1669852121245'>
                    <name>POST /session/:sessionId/url</name>
                    <title>POST /session/:sessionId/url</title>
                    <attachments>
                        <attachment title='Request' source='cc3da4e3-bef0-4af7-a722-d26422288e51-attachment.json' type='application/json' size='38'/>
                    </attachments>
                    <steps/>
                </step>
                <step start='1669852121245' status='undefined'>
                    <name>POST /session/:sessionId/refresh</name>
                    <title>POST /session/:sessionId/refresh</title>
                    <attachments/>
                    <steps/>
                </step>
            </steps>
            <attachments/>
        </test-case>
        <test-case start='1669852121248' status='broken' stop='1669852128466'>
            <name>When I enter "Windows" in search bar</name>
            <title>When I enter "Windows" in search bar</title>
            <labels>
                <label name='language' value='javascript'/>
                <label name='framework' value='wdio'/>
                <label name='thread' value='0-0'/>
            </labels>
            <parameters>
                <parameter kind='argument' name='browser' value='chrome-107.0.5304.107'/>
            </parameters>
            <steps>
                <step start='1669852121250' status='passed' stop='1669852123211'>
                    <name>POST /session/:sessionId/element</name>
                    <title>POST /session/:sessionId/element</title>
                    <attachments>
                        <attachment title='Request' source='a7fd18b9-8ded-41d8-9321-75bc728172b6-attachment.json' type='application/json' size='62'/>
                    </attachments>
                    <steps/>
                </step>
                <step start='1669852123265' status='passed' stop='1669852123691'>
                    <name>POST /session/:sessionId/element/96176e1e-151e-4531-8e32-9d8c89713aa6/click</name>
                    <title>POST /session/:sessionId/element/96176e1e-151e-4531-8e32-9d8c89713aa6/click</title>
                    <attachments/>
                    <steps/>
                </step>
                <step start='1669852123692' status='passed' stop='1669852123717'>
                    <name>POST /session/:sessionId/element/96176e1e-151e-4531-8e32-9d8c89713aa6/clear</name>
                    <title>POST /session/:sessionId/element/96176e1e-151e-4531-8e32-9d8c89713aa6/clear</title>
                    <attachments/>
                    <steps/>
                </step>
                <step start='1669852123721' status='passed' stop='1669852123900'>
                    <name>POST /session/:sessionId/element/96176e1e-151e-4531-8e32-9d8c89713aa6/value</name>
                    <title>POST /session/:sessionId/element/96176e1e-151e-4531-8e32-9d8c89713aa6/value</title>
                    <attachments>
                        <attachment title='Request' source='76cf3099-5625-4520-be47-49c233ed3529-attachment.json' type='application/json' size='27'/>
                    </attachments>
                    <steps/>
                </step>
                <step start='1669852123900' status='passed' stop='1669852124018'>
                    <name>POST /session/:sessionId/element</name>
                    <title>POST /session/:sessionId/element</title>
                    <attachments>
                        <attachment title='Request' source='b3abb027-ab45-47ba-a1a1-e9feeef7415d-attachment.json' type='application/json' size='70'/>
                        <attachment title='Response' source='fa191723-9734-46c1-a00c-a41e910b7209-attachment.json' type='application/json' size='83'/>
                    </attachments>
                    <steps/>
                </step>
                <step start='1669852124026' status='broken' stop='1669852128466'>
                    <name>POST /session/:sessionId/element/2a820109-4e24-49f2-a4f7-baa690e615e5/click</name>
                    <title>POST /session/:sessionId/element/2a820109-4e24-49f2-a4f7-baa690e615e5/click</title>
                    <attachments/>
                    <steps/>
                </step>
            </steps>
            <attachments>
                <attachment title='Response' source='601543be-4997-43aa-9c82-5cef5ef52c24-attachment.json' type='application/json' size='83'/>
            </attachments>
            <failure>
                <message>element click intercepted: element click intercepted: Element &lt;button class="ico ico-search">...&lt;/button> is not clickable at point (479, 40). Other element would receive the click: &lt;img class="modal-Website-img" src="https://promotions.newegg.com/22-2133/Homepage_Popup_Desktop.png" alt="CYBER MONDAY EXTENDED"></message>
                <stack-trace>element click intercepted: element click intercepted: Element &lt;button class="ico ico-search">...&lt;/button> is not clickable at point (479, 40). Other element would receive the click: &lt;img class="modal-Website-img" src="https://promotions.newegg.com/22-2133/Homepage_Popup_Desktop.png" alt="CYBER MONDAY EXTENDED">
                  (Session info: chrome=107.0.5304.107)
                    at getErrorFromResponseBody (C:\Users\djujy\e2e-homework\node_modules\webdriver\build\utils.js:198:12)
                    at NodeJSRequest._request (C:\Users\djujy\e2e-homework\node_modules\webdriver\build\request\index.js:166:60)
                    at processTicksAndRejections (node:internal/process/task_queues:96:5)
                    at async Element.wrapCommandFn (C:\Users\djujy\e2e-homework\node_modules\@wdio\utils\build\shim.js:137:29)
                    at async Element.wrapCommandFn (C:\Users\djujy\e2e-homework\node_modules\@wdio\utils\build\shim.js:137:29)
                    at async Element.elementErrorHandlerCallbackFn (C:\Users\djujy\e2e-homework\node_modules\webdriverio\build\middlewares.js:24:32)
                    at async Element.wrapCommandFn (C:\Users\djujy\e2e-homework\node_modules\@wdio\utils\build\shim.js:137:29)
                    at async Element.wrapCommandFn (C:\Users\djujy\e2e-homework\node_modules\@wdio\utils\build\shim.js:137:29)
                    at async Element.elementErrorHandlerCallbackFn (C:\Users\djujy\e2e-homework\node_modules\webdriverio\build\middlewares.js:24:32)
                    at async Element.wrapCommandFn (C:\Users\djujy\e2e-homework\node_modules\@wdio\utils\build\shim.js:137:29)</stack-trace>
            </failure>
        </test-case>
        <test-case start='1669852128467' status='broken' stop='1669852128467'>
            <name>Then I see at least one item appears</name>
            <title>Then I see at least one item appears</title>
            <labels>
                <label name='language' value='javascript'/>
                <label name='framework' value='wdio'/>
                <label name='thread' value='0-0'/>
            </labels>
            <parameters>
                <parameter kind='argument' name='browser' value='chrome-107.0.5304.107'/>
            </parameters>
            <steps/>
            <attachments/>
            <failure>
                <message>Step "I see at least one item appears" is not defined. You can ignore this error by setting cucumberOpts.ignoreUndefinedDefinitions as true.</message>
                <stack-trace>Step "I see at least one item appears" is not defined. You can ignore this error by setting cucumberOpts.ignoreUndefinedDefinitions as true.
                	at Feature(C:\Users\djujy\e2e-homework\features\e2e.feature):1:1
                	at Scenario():7:1
                	at Step(I see at least one item appears):10:1
                </stack-trace>
            </failure>
        </test-case>
        <test-case start='1669852128467' status='passed' stop='1669852128469'>
            <name></name>
            <title></title>
            <labels>
                <label name='language' value='javascript'/>
                <label name='framework' value='wdio'/>
                <label name='thread' value='0-0'/>
            </labels>
            <parameters>
                <parameter kind='argument' name='browser' value='chrome-107.0.5304.107'/>
            </parameters>
            <steps/>
            <attachments/>
        </test-case>
    </test-cases>
</ns2:test-suite>